[2023-08-01 00:01:16] INFO root fetch - main [MainThread]: Get Changelog since Serial: [19113699]
[2023-08-01 00:01:21] INFO root fetch - main [MainThread]: Found 9 changed packages
[2023-08-01 00:01:21] INFO root fetch - processPackages [ThreadPoolExecutor-0_0]: Start processing: opower
[2023-08-01 00:01:21] INFO root fetch - processPackages [ThreadPoolExecutor-0_1]: Start processing: ecoengine
[2023-08-01 00:01:21] INFO root fetch - processPackages [ThreadPoolExecutor-0_2]: Start processing: pre-commit-vauxoo
[2023-08-01 00:01:21] INFO root fetch - processPackages [ThreadPoolExecutor-0_3]: Start processing: erdb
[2023-08-01 00:01:21] INFO root fetch - processPackages [ThreadPoolExecutor-0_4]: Start processing: deploymenthub
[2023-08-01 00:01:21] INFO root fetch - processPackages [ThreadPoolExecutor-0_5]: Start processing: sqlmesh
[2023-08-01 00:01:21] INFO root fetch - processPackages [ThreadPoolExecutor-0_6]: Start processing: bigstream
[2023-08-01 00:01:21] INFO root fetch - processPackages [ThreadPoolExecutor-0_7]: Start processing: trycortex
[2023-08-01 00:01:21] INFO root fetch - processPackages [ThreadPoolExecutor-0_8]: Start processing: t265
[2023-08-01 00:01:21] INFO root fetch - processPackages [pre-commit-vauxoo]: New version: [7.0.9] Old Version: [7.0.8]
[2023-08-01 00:01:21] INFO root fetch - processPackages [bigstream]: New version: [1.1.4] Old Version: [1.1.3]
[2023-08-01 00:01:21] INFO root fetch - processPackages [deploymenthub]: New version: [2.3] Old Version: [2.2]
[2023-08-01 00:01:21] INFO root fetch - processPackages [erdb]: New version: [0.4.0] Old Version: [0.3.2]
[2023-08-01 00:01:21] INFO root fetch - processPackages [t265]: New version: [0.1.7] Old Version: [0.1.6]
[2023-08-01 00:01:21] INFO root fetch - processPackages [trycortex]: New version: [1.0.9] Old Version: [1.0.8]
[2023-08-01 00:01:21] INFO root fetch - processPackages [ecoengine]: New version: [0.0.9] Old Version: [0.0.8]
[2023-08-01 00:01:21] INFO root fetch - processPackages [opower]: New version: [0.0.9] Old Version: [0.0.8]
[2023-08-01 00:01:21] INFO root fetch - processPackages [sqlmesh]: New version: [0.9.0] Old Version: [0.8.1]
[2023-08-01 00:01:21] INFO root fetch - processPackages [ecoengine]: Downloading https://files.pythonhosted.org/packages/d8/e5/5b3594045f107ce24e058d4f5ac188087d76010f4389991a7c9a9ce4beb6/ecoengine-0.0.8.tar.gz
[2023-08-01 00:01:21] INFO root fetch - processPackages [trycortex]: Downloading https://files.pythonhosted.org/packages/b9/1e/abeaf73a139fb46ce3121d0cfa51a8bbe04a90cdf87bfed98aaa80183a54/trycortex-1.0.8.tar.gz
[2023-08-01 00:01:21] INFO root fetch - processPackages [sqlmesh]: Downloading https://files.pythonhosted.org/packages/af/f6/0f9a52e680a6637f51cabdef2e898ff2ccf3866817901d8c170ba43142ed/sqlmesh-0.8.1.tar.gz
[2023-08-01 00:01:21] INFO root fetch - processPackages [pre-commit-vauxoo]: Downloading https://files.pythonhosted.org/packages/7b/2a/a23683a250314a6efc4291dad46ac68a2545e505c71a5aee84929008c80c/pre-commit-vauxoo-7.0.8.tar.gz
[2023-08-01 00:01:21] INFO root fetch - processPackages [bigstream]: Downloading https://files.pythonhosted.org/packages/5d/ae/8881a63f7e28f9eee8a818e16ddd2ae415c7e14851c71ae68227d0b0907c/bigstream-1.1.3.tar.gz
[2023-08-01 00:01:21] INFO root fetch - processPackages [opower]: Downloading https://files.pythonhosted.org/packages/de/e7/5d0e2eea618e46b3230cd28958d2cca7ca8ef0ec3acf7d333b499bc466db/opower-0.0.8.tar.gz
[2023-08-01 00:01:21] INFO root fetch - processPackages [deploymenthub]: Downloading https://files.pythonhosted.org/packages/1a/65/5baea813b67477e92dfdc393652ced964e9201312bcbed6a7760347fb31f/deploymenthub-2.2.tar.gz
[2023-08-01 00:01:21] INFO root fetch - processPackages [trycortex]: Downloading https://files.pythonhosted.org/packages/63/8f/b109654725198f55aedea61175748721c427c69efb6403331a3ab2e53ac7/trycortex-1.0.9.tar.gz
[2023-08-01 00:01:21] INFO root fetch - processPackages [erdb]: Downloading https://files.pythonhosted.org/packages/1d/55/59df67a98417fcf9fd38af32044c65778a531cd656592ab0e367fb5e87df/erdb-0.3.2.tar.gz
[2023-08-01 00:01:21] INFO root fetch - processPackages [t265]: Downloading https://files.pythonhosted.org/packages/69/bd/965549fa81eab6a4a5fcecb23b1701f78425588e266af2426a58ce18c105/t265-0.1.6.tar.gz
[2023-08-01 00:01:22] INFO root fetch - processPackages [bigstream]: Downloading https://files.pythonhosted.org/packages/74/3b/047b17118ac25ad4a77508c180638f22166590a0d1ec5c9fcc676df55c63/bigstream-1.1.4.tar.gz
[2023-08-01 00:01:22] INFO root fetch - processPackages [trycortex]: executing diffoscope
[2023-08-01 00:01:22] INFO root fetch - processPackages [trycortex]: podman run --user 0:0 --rm -w /home/abi/fetcher -v /home/abi/fetcher/tmp:/home/abi/fetcher/tmp:ro -v /home/abi/fetcher/20230801:/home/abi/fetcher/20230801:rw registry.salsa.debian.org/reproducible-builds/diffoscope --no-progress tmp/trycortex-1.0.8.tar.gz tmp/trycortex-1.0.9.tar.gz --markdown 20230801/t/trycortex/1.0.8-1.0.9/diff.md --exclude *.pyd
[2023-08-01 00:01:22] INFO root fetch - processPackages [ecoengine]: Downloading https://files.pythonhosted.org/packages/b4/06/8712491ed487422ca74801e6051cd89e398183d43abb0a99e904022af6ba/ecoengine-0.0.9.tar.gz
[2023-08-01 00:01:22] INFO root fetch - processPackages [sqlmesh]: Downloading https://files.pythonhosted.org/packages/3e/98/dd2b2de67b5258308e2ea0fc159ad112f97bdb21f9881120de68463c1781/sqlmesh-0.9.0.tar.gz
[2023-08-01 00:01:22] INFO root fetch - processPackages [bigstream]: executing diffoscope
[2023-08-01 00:01:22] INFO root fetch - processPackages [bigstream]: podman run --user 0:0 --rm -w /home/abi/fetcher -v /home/abi/fetcher/tmp:/home/abi/fetcher/tmp:ro -v /home/abi/fetcher/20230801:/home/abi/fetcher/20230801:rw registry.salsa.debian.org/reproducible-builds/diffoscope --no-progress tmp/bigstream-1.1.3.tar.gz tmp/bigstream-1.1.4.tar.gz --markdown 20230801/b/bigstream/1.1.3-1.1.4/diff.md --exclude *.pyd
[2023-08-01 00:01:22] INFO root fetch - processPackages [pre-commit-vauxoo]: Downloading https://files.pythonhosted.org/packages/92/b6/2ac1b22b6612c289ab99a5ec74cc1f2706913c51058054015574c31ceb53/pre-commit-vauxoo-7.0.9.tar.gz
[2023-08-01 00:01:22] INFO root fetch - processPackages [ecoengine]: executing diffoscope
[2023-08-01 00:01:22] INFO root fetch - processPackages [ecoengine]: podman run --user 0:0 --rm -w /home/abi/fetcher -v /home/abi/fetcher/tmp:/home/abi/fetcher/tmp:ro -v /home/abi/fetcher/20230801:/home/abi/fetcher/20230801:rw registry.salsa.debian.org/reproducible-builds/diffoscope --no-progress tmp/ecoengine-0.0.8.tar.gz tmp/ecoengine-0.0.9.tar.gz --markdown 20230801/e/ecoengine/0.0.8-0.0.9/diff.md --exclude *.pyd
[2023-08-01 00:01:22] INFO root fetch - processPackages [opower]: Downloading https://files.pythonhosted.org/packages/86/54/64abf478f9a76b0937adc32bc301690e94e6e745928ac9cfcd0eeb625f56/opower-0.0.9.tar.gz
[2023-08-01 00:01:22] INFO root fetch - processPackages [pre-commit-vauxoo]: executing diffoscope
[2023-08-01 00:01:22] INFO root fetch - processPackages [pre-commit-vauxoo]: podman run --user 0:0 --rm -w /home/abi/fetcher -v /home/abi/fetcher/tmp:/home/abi/fetcher/tmp:ro -v /home/abi/fetcher/20230801:/home/abi/fetcher/20230801:rw registry.salsa.debian.org/reproducible-builds/diffoscope --no-progress tmp/pre-commit-vauxoo-7.0.8.tar.gz tmp/pre-commit-vauxoo-7.0.9.tar.gz --markdown 20230801/p/pre-commit-vauxoo/7.0.8-7.0.9/diff.md --exclude *.pyd
[2023-08-01 00:01:22] INFO root fetch - processPackages [t265]: Downloading https://files.pythonhosted.org/packages/6f/3c/0ddb6ec3fc2f2510dc8053661ee63959b6237e3f43d23b4a7073566e9238/t265-0.1.7.tar.gz
[2023-08-01 00:01:22] INFO root fetch - processPackages [deploymenthub]: Downloading https://files.pythonhosted.org/packages/96/79/31278cfe8ad1bb7438b03205342ca038ed6b44061c5c98aed3ca1763aeb9/deploymenthub-2.3.tar.gz
[2023-08-01 00:01:22] INFO root fetch - processPackages [opower]: executing diffoscope
[2023-08-01 00:01:22] INFO root fetch - processPackages [opower]: podman run --user 0:0 --rm -w /home/abi/fetcher -v /home/abi/fetcher/tmp:/home/abi/fetcher/tmp:ro -v /home/abi/fetcher/20230801:/home/abi/fetcher/20230801:rw registry.salsa.debian.org/reproducible-builds/diffoscope --no-progress tmp/opower-0.0.8.tar.gz tmp/opower-0.0.9.tar.gz --markdown 20230801/o/opower/0.0.8-0.0.9/diff.md --exclude *.pyd
[2023-08-01 00:01:22] INFO root fetch - processPackages [t265]: executing diffoscope
[2023-08-01 00:01:22] INFO root fetch - processPackages [t265]: podman run --user 0:0 --rm -w /home/abi/fetcher -v /home/abi/fetcher/tmp:/home/abi/fetcher/tmp:ro -v /home/abi/fetcher/20230801:/home/abi/fetcher/20230801:rw registry.salsa.debian.org/reproducible-builds/diffoscope --no-progress tmp/t265-0.1.6.tar.gz tmp/t265-0.1.7.tar.gz --markdown 20230801/t/t265/0.1.6-0.1.7/diff.md --exclude *.pyd
[2023-08-01 00:01:22] INFO root fetch - processPackages [deploymenthub]: executing diffoscope
[2023-08-01 00:01:22] INFO root fetch - processPackages [deploymenthub]: podman run --user 0:0 --rm -w /home/abi/fetcher -v /home/abi/fetcher/tmp:/home/abi/fetcher/tmp:ro -v /home/abi/fetcher/20230801:/home/abi/fetcher/20230801:rw registry.salsa.debian.org/reproducible-builds/diffoscope --no-progress tmp/deploymenthub-2.2.tar.gz tmp/deploymenthub-2.3.tar.gz --markdown 20230801/d/deploymenthub/2.2-2.3/diff.md --exclude *.pyd
[2023-08-01 00:01:22] INFO root fetch - processPackages [sqlmesh]: executing diffoscope
[2023-08-01 00:01:22] INFO root fetch - processPackages [sqlmesh]: podman run --user 0:0 --rm -w /home/abi/fetcher -v /home/abi/fetcher/tmp:/home/abi/fetcher/tmp:ro -v /home/abi/fetcher/20230801:/home/abi/fetcher/20230801:rw registry.salsa.debian.org/reproducible-builds/diffoscope --no-progress tmp/sqlmesh-0.8.1.tar.gz tmp/sqlmesh-0.9.0.tar.gz --markdown 20230801/s/sqlmesh/0.8.1-0.9.0/diff.md --exclude *.pyd
[2023-08-01 00:01:22] INFO root fetch - processPackages [erdb]: Downloading https://files.pythonhosted.org/packages/f3/51/3a059f07dc772d5a4c6e0386d7fd0d338b6026e693b6f4dd68c68e181d93/erdb-0.4.0.tar.gz
[2023-08-01 00:01:22] WARNING root fetch - processPackages [erdb]: Skipping package: exceeds size limit 11136344>=10485760
[2023-08-01 00:01:22] INFO root fetch - main [MainThread]: End processing [erdb] error
[2023-08-01 00:01:23] INFO root fetch - processPackages [trycortex]: Remove: archive file [/home/abi/fetcher/tmp/trycortex-1.0.8.tar.gz]
[2023-08-01 00:01:23] INFO root fetch - processPackages [trycortex]: Remove: archive file [/home/abi/fetcher/tmp/trycortex-1.0.9.tar.gz]
[2023-08-01 00:01:23] INFO root fetch - main [MainThread]: End processing [trycortex]: success
[2023-08-01 00:01:23] INFO root fetch - processPackages [bigstream]: Remove: archive file [/home/abi/fetcher/tmp/bigstream-1.1.3.tar.gz]
[2023-08-01 00:01:23] INFO root fetch - processPackages [bigstream]: Remove: archive file [/home/abi/fetcher/tmp/bigstream-1.1.4.tar.gz]
[2023-08-01 00:01:23] INFO root fetch - main [MainThread]: End processing [bigstream]: success
[2023-08-01 00:01:23] INFO root fetch - processPackages [ecoengine]: Remove: archive file [/home/abi/fetcher/tmp/ecoengine-0.0.8.tar.gz]
[2023-08-01 00:01:23] INFO root fetch - processPackages [ecoengine]: Remove: archive file [/home/abi/fetcher/tmp/ecoengine-0.0.9.tar.gz]
[2023-08-01 00:01:23] INFO root fetch - main [MainThread]: End processing [ecoengine]: success
[2023-08-01 00:01:23] INFO root fetch - processPackages [deploymenthub]: Remove: archive file [/home/abi/fetcher/tmp/deploymenthub-2.2.tar.gz]
[2023-08-01 00:01:23] INFO root fetch - processPackages [deploymenthub]: Remove: archive file [/home/abi/fetcher/tmp/deploymenthub-2.3.tar.gz]
[2023-08-01 00:01:23] INFO root fetch - main [MainThread]: End processing [deploymenthub]: success
[2023-08-01 00:01:23] INFO root fetch - processPackages [opower]: Remove: archive file [/home/abi/fetcher/tmp/opower-0.0.8.tar.gz]
[2023-08-01 00:01:23] INFO root fetch - processPackages [opower]: Remove: archive file [/home/abi/fetcher/tmp/opower-0.0.9.tar.gz]
[2023-08-01 00:01:23] INFO root fetch - main [MainThread]: End processing [opower]: success
[2023-08-01 00:01:23] INFO root fetch - processPackages [t265]: Remove: archive file [/home/abi/fetcher/tmp/t265-0.1.6.tar.gz]
[2023-08-01 00:01:23] INFO root fetch - processPackages [t265]: Remove: archive file [/home/abi/fetcher/tmp/t265-0.1.7.tar.gz]
[2023-08-01 00:01:23] INFO root fetch - main [MainThread]: End processing [t265]: success
[2023-08-01 00:01:24] INFO root fetch - processPackages [pre-commit-vauxoo]: Remove: archive file [/home/abi/fetcher/tmp/pre-commit-vauxoo-7.0.8.tar.gz]
[2023-08-01 00:01:24] INFO root fetch - processPackages [pre-commit-vauxoo]: Remove: archive file [/home/abi/fetcher/tmp/pre-commit-vauxoo-7.0.9.tar.gz]
[2023-08-01 00:01:24] INFO root fetch - main [MainThread]: End processing [pre-commit-vauxoo]: success
[2023-08-01 00:01:53] INFO root fetch - processPackages [sqlmesh]: Remove: archive file [/home/abi/fetcher/tmp/sqlmesh-0.8.1.tar.gz]
[2023-08-01 00:01:53] INFO root fetch - processPackages [sqlmesh]: Remove: archive file [/home/abi/fetcher/tmp/sqlmesh-0.9.0.tar.gz]
[2023-08-01 00:01:53] INFO root fetch - main [MainThread]: End processing [sqlmesh]: success
[2023-08-01 00:01:53] INFO root fetch - main [MainThread]: Store serial: [19113724]
[2023-08-01 00:06:58] INFO root fetch - main [MainThread]: Get Changelog since Serial: [19113724]
[2023-08-01 00:07:02] INFO root fetch - main [MainThread]: Found 17 changed packages
[2023-08-01 00:07:02] INFO root fetch - processPackages [ThreadPoolExecutor-0_0]: Start processing: cybrid-api-organization-python
[2023-08-01 00:07:02] INFO root fetch - processPackages [ThreadPoolExecutor-0_1]: Start processing: cybrid-api-id-python
[2023-08-01 00:07:02] INFO root fetch - processPackages [ThreadPoolExecutor-0_2]: Start processing: fpzip
[2023-08-01 00:07:02] INFO root fetch - processPackages [ThreadPoolExecutor-0_3]: Start processing: cybrid-api-bank-python
[2023-08-01 00:07:02] INFO root fetch - processPackages [ThreadPoolExecutor-0_4]: Start processing: key-switcheroo
[2023-08-01 00:07:02] INFO root fetch - processPackages [ThreadPoolExecutor-0_5]: Start processing: FAIRSave
[2023-08-01 00:07:02] INFO root fetch - processPackages [ThreadPoolExecutor-0_6]: Start processing: blin
[2023-08-01 00:07:02] INFO root fetch - processPackages [ThreadPoolExecutor-0_7]: Start processing: blin
[2023-08-01 00:07:02] INFO root fetch - processPackages [ThreadPoolExecutor-0_8]: Start processing: blin
[2023-08-01 00:07:02] INFO root fetch - processPackages [ThreadPoolExecutor-0_9]: Start processing: blin
[2023-08-01 00:07:02] INFO root fetch - processPackages [blin]: New version: [0.2.1] Old Version: [0.2.0]
[2023-08-01 00:07:02] INFO root fetch - processPackages [fpzip]: New version: [1.2.2] Old Version: [1.2.1]
[2023-08-01 00:07:02] INFO root fetch - processPackages [FAIRSave]: New version: [0.0.6.9] Old Version: [0.0.6.8]
[2023-08-01 00:07:02] INFO root fetch - processPackages [blin]: New version: [0.2.1] Old Version: [0.2.0]
[2023-08-01 00:07:02] INFO root fetch - processPackages [blin]: New version: [0.2.1] Old Version: [0.2.0]
[2023-08-01 00:07:02] INFO root fetch - processPackages [blin]: New version: [0.2.1] Old Version: [0.2.0]
[2023-08-01 00:07:02] INFO root fetch - processPackages [key-switcheroo]: New version: [0.0.9] Old Version: [0.0.8]
[2023-08-01 00:07:03] INFO root fetch - processPackages [cybrid-api-organization-python]: New version: [0.9.9] Old Version: [0.9.8]
[2023-08-01 00:07:03] INFO root fetch - processPackages [cybrid-api-bank-python]: New version: [0.9.9] Old Version: [0.9.8]
[2023-08-01 00:07:03] INFO root fetch - processPackages [cybrid-api-id-python]: New version: [0.9.9] Old Version: [0.9.8]
[2023-08-01 00:07:03] INFO root fetch - processPackages [key-switcheroo]: Downloading https://files.pythonhosted.org/packages/b9/17/0bfd635ba194fa69231eec90a859f9cb01fc8b2dd92857ce336397e95771/key_switcheroo-0.0.8.tar.gz
[2023-08-01 00:07:03] INFO root fetch - processPackages [blin]: Downloading https://files.pythonhosted.org/packages/b6/f0/dca0cd06b6c29b6218c3ed6b9da6969784ac4ef702de9ee17c83519b8f83/blin-0.2.0.tar.gz
[2023-08-01 00:07:03] INFO root fetch - processPackages [blin]: Downloading https://files.pythonhosted.org/packages/b6/f0/dca0cd06b6c29b6218c3ed6b9da6969784ac4ef702de9ee17c83519b8f83/blin-0.2.0.tar.gz
[2023-08-01 00:07:03] INFO root fetch - processPackages [blin]: Downloading https://files.pythonhosted.org/packages/b6/f0/dca0cd06b6c29b6218c3ed6b9da6969784ac4ef702de9ee17c83519b8f83/blin-0.2.0.tar.gz
[2023-08-01 00:07:03] INFO root fetch - processPackages [blin]: Downloading https://files.pythonhosted.org/packages/b6/f0/dca0cd06b6c29b6218c3ed6b9da6969784ac4ef702de9ee17c83519b8f83/blin-0.2.0.tar.gz
[2023-08-01 00:07:03] INFO root fetch - processPackages [cybrid-api-organization-python]: Downloading https://files.pythonhosted.org/packages/8c/f9/11b3397de980d7217c6b56728b693a302080844e78e135a12319c23d1e09/cybrid-api-organization-python-0.9.8.tar.gz
[2023-08-01 00:07:03] INFO root fetch - processPackages [cybrid-api-id-python]: Downloading https://files.pythonhosted.org/packages/50/b7/b977148f4fc829a75a0b07e5a1a330568bf4060c71cf5e0e0a6449ffed87/cybrid-api-id-python-0.9.8.tar.gz
[2023-08-01 00:07:03] INFO root fetch - processPackages [cybrid-api-bank-python]: Downloading https://files.pythonhosted.org/packages/20/58/83595c25956605935aa08227f1f01b1c02743825aca19e267bc95d1b4928/cybrid-api-bank-python-0.9.8.tar.gz
[2023-08-01 00:07:03] INFO root fetch - processPackages [blin]: Downloading https://files.pythonhosted.org/packages/35/3c/f75d5fdf3ae8e78bcb1ac9bc3da2fcfd0c24ad2c905b04d0288192628882/blin-0.2.1.tar.gz
[2023-08-01 00:07:03] INFO root fetch - processPackages [fpzip]: Downloading https://files.pythonhosted.org/packages/dd/55/ef3936a4cd19992be7ef8baec33efcca52151df085d6e1801246ef8d9ebc/fpzip-1.2.1.tar.gz
[2023-08-01 00:07:03] INFO root fetch - processPackages [FAIRSave]: Downloading https://files.pythonhosted.org/packages/5e/90/7d5aedc36f5f877d9d3e7c541885df5d60e9e0472579546e44f05ba2858f/FAIRSave-0.0.6.8-py3-none-any.whl
[2023-08-01 00:07:03] INFO root fetch - processPackages [blin]: Downloading https://files.pythonhosted.org/packages/35/3c/f75d5fdf3ae8e78bcb1ac9bc3da2fcfd0c24ad2c905b04d0288192628882/blin-0.2.1.tar.gz
[2023-08-01 00:07:03] INFO root fetch - processPackages [blin]: Downloading https://files.pythonhosted.org/packages/35/3c/f75d5fdf3ae8e78bcb1ac9bc3da2fcfd0c24ad2c905b04d0288192628882/blin-0.2.1.tar.gz
[2023-08-01 00:07:03] INFO root fetch - processPackages [blin]: Downloading https://files.pythonhosted.org/packages/35/3c/f75d5fdf3ae8e78bcb1ac9bc3da2fcfd0c24ad2c905b04d0288192628882/blin-0.2.1.tar.gz
[2023-08-01 00:07:03] INFO root fetch - processPackages [key-switcheroo]: Downloading https://files.pythonhosted.org/packages/88/30/bb3724cbb9ad640b4b9e715ac9bd4484a931a9fe81b423a6b613f0d0e104/key_switcheroo-0.0.9.tar.gz
[2023-08-01 00:07:03] INFO root fetch - processPackages [blin]: executing diffoscope
[2023-08-01 00:07:03] INFO root fetch - processPackages [blin]: podman run --user 0:0 --rm -w /home/abi/fetcher -v /home/abi/fetcher/tmp:/home/abi/fetcher/tmp:ro -v /home/abi/fetcher/20230801:/home/abi/fetcher/20230801:rw registry.salsa.debian.org/reproducible-builds/diffoscope --no-progress tmp/blin-0.2.0.tar.gz tmp/blin-0.2.1.tar.gz --markdown 20230801/b/blin/0.2.0-0.2.1/diff.md --exclude *.pyd
[2023-08-01 00:07:03] INFO root fetch - processPackages [cybrid-api-id-python]: Downloading https://files.pythonhosted.org/packages/df/0b/f41ef37cacb50f16ff72d759b9fe9a5fd7fe8bde214833a5c722ba07e136/cybrid-api-id-python-0.9.9.tar.gz
[2023-08-01 00:07:03] INFO root fetch - processPackages [blin]: executing diffoscope
[2023-08-01 00:07:03] INFO root fetch - processPackages [blin]: podman run --user 0:0 --rm -w /home/abi/fetcher -v /home/abi/fetcher/tmp:/home/abi/fetcher/tmp:ro -v /home/abi/fetcher/20230801:/home/abi/fetcher/20230801:rw registry.salsa.debian.org/reproducible-builds/diffoscope --no-progress tmp/blin-0.2.0.tar.gz tmp/blin-0.2.1.tar.gz --markdown 20230801/b/blin/0.2.0-0.2.1/diff.md --exclude *.pyd
[2023-08-01 00:07:03] INFO root fetch - processPackages [blin]: executing diffoscope
[2023-08-01 00:07:03] INFO root fetch - processPackages [blin]: podman run --user 0:0 --rm -w /home/abi/fetcher -v /home/abi/fetcher/tmp:/home/abi/fetcher/tmp:ro -v /home/abi/fetcher/20230801:/home/abi/fetcher/20230801:rw registry.salsa.debian.org/reproducible-builds/diffoscope --no-progress tmp/blin-0.2.0.tar.gz tmp/blin-0.2.1.tar.gz --markdown 20230801/b/blin/0.2.0-0.2.1/diff.md --exclude *.pyd
[2023-08-01 00:07:03] INFO root fetch - processPackages [cybrid-api-organization-python]: Downloading https://files.pythonhosted.org/packages/6e/9a/cba8516138af9b31af978d1cb5ac08501052b56ac24c59f876cc7432e4cd/cybrid-api-organization-python-0.9.9.tar.gz
[2023-08-01 00:07:03] INFO root fetch - processPackages [blin]: executing diffoscope
[2023-08-01 00:07:03] INFO root fetch - processPackages [blin]: podman run --user 0:0 --rm -w /home/abi/fetcher -v /home/abi/fetcher/tmp:/home/abi/fetcher/tmp:ro -v /home/abi/fetcher/20230801:/home/abi/fetcher/20230801:rw registry.salsa.debian.org/reproducible-builds/diffoscope --no-progress tmp/blin-0.2.0.tar.gz tmp/blin-0.2.1.tar.gz --markdown 20230801/b/blin/0.2.0-0.2.1/diff.md --exclude *.pyd
[2023-08-01 00:07:03] INFO root fetch - processPackages [key-switcheroo]: executing diffoscope
[2023-08-01 00:07:03] INFO root fetch - processPackages [key-switcheroo]: podman run --user 0:0 --rm -w /home/abi/fetcher -v /home/abi/fetcher/tmp:/home/abi/fetcher/tmp:ro -v /home/abi/fetcher/20230801:/home/abi/fetcher/20230801:rw registry.salsa.debian.org/reproducible-builds/diffoscope --no-progress tmp/key_switcheroo-0.0.8.tar.gz tmp/key_switcheroo-0.0.9.tar.gz --markdown 20230801/k/key-switcheroo/0.0.8-0.0.9/diff.md --exclude *.pyd
[2023-08-01 00:07:04] INFO root fetch - processPackages [cybrid-api-id-python]: executing diffoscope
[2023-08-01 00:07:04] INFO root fetch - processPackages [cybrid-api-id-python]: podman run --user 0:0 --rm -w /home/abi/fetcher -v /home/abi/fetcher/tmp:/home/abi/fetcher/tmp:ro -v /home/abi/fetcher/20230801:/home/abi/fetcher/20230801:rw registry.salsa.debian.org/reproducible-builds/diffoscope --no-progress tmp/cybrid-api-id-python-0.9.8.tar.gz tmp/cybrid-api-id-python-0.9.9.tar.gz --markdown 20230801/c/cybrid-api-id-python/0.9.8-0.9.9/diff.md --exclude *.pyd
[2023-08-01 00:07:04] INFO root fetch - processPackages [cybrid-api-organization-python]: executing diffoscope
[2023-08-01 00:07:04] INFO root fetch - processPackages [cybrid-api-organization-python]: podman run --user 0:0 --rm -w /home/abi/fetcher -v /home/abi/fetcher/tmp:/home/abi/fetcher/tmp:ro -v /home/abi/fetcher/20230801:/home/abi/fetcher/20230801:rw registry.salsa.debian.org/reproducible-builds/diffoscope --no-progress tmp/cybrid-api-organization-python-0.9.8.tar.gz tmp/cybrid-api-organization-python-0.9.9.tar.gz --markdown 20230801/c/cybrid-api-organization-python/0.9.8-0.9.9/diff.md --exclude *.pyd
[2023-08-01 00:07:04] INFO root fetch - processPackages [fpzip]: Downloading https://files.pythonhosted.org/packages/b4/99/1ad81d6948bf7a673c381014933b730aa683ac6a5fa3e46f50283075e255/fpzip-1.2.2-cp39-cp39-win_amd64.whl
[2023-08-01 00:07:04] INFO root fetch - processPackages [cybrid-api-bank-python]: Downloading https://files.pythonhosted.org/packages/89/0b/5831e52f1895b5ffe4c5b8862788216f9cf6c8554dfffa92e8805799baaf/cybrid-api-bank-python-0.9.9.tar.gz
[2023-08-01 00:07:04] INFO root fetch - processPackages [fpzip]: executing diffoscope
[2023-08-01 00:07:04] INFO root fetch - processPackages [fpzip]: podman run --user 0:0 --rm -w /home/abi/fetcher -v /home/abi/fetcher/tmp:/home/abi/fetcher/tmp:ro -v /home/abi/fetcher/20230801:/home/abi/fetcher/20230801:rw registry.salsa.debian.org/reproducible-builds/diffoscope --no-progress tmp/fpzip-1.2.1.tar.gz tmp/fpzip-1.2.2-cp39-cp39-win_amd64.whl.zip --markdown 20230801/f/fpzip/1.2.1-1.2.2/diff.md --exclude *.pyd
[2023-08-01 00:07:04] INFO root fetch - processPackages [FAIRSave]: Downloading https://files.pythonhosted.org/packages/8f/c9/5fe23c9b9876cee4ff4baebb0d6bc53353b213b0db51bba0a0773a22a3d3/FAIRSave-0.0.6.9-py3-none-any.whl
[2023-08-01 00:07:04] INFO root fetch - processPackages [cybrid-api-bank-python]: executing diffoscope
[2023-08-01 00:07:04] INFO root fetch - processPackages [cybrid-api-bank-python]: podman run --user 0:0 --rm -w /home/abi/fetcher -v /home/abi/fetcher/tmp:/home/abi/fetcher/tmp:ro -v /home/abi/fetcher/20230801:/home/abi/fetcher/20230801:rw registry.salsa.debian.org/reproducible-builds/diffoscope --no-progress tmp/cybrid-api-bank-python-0.9.8.tar.gz tmp/cybrid-api-bank-python-0.9.9.tar.gz --markdown 20230801/c/cybrid-api-bank-python/0.9.8-0.9.9/diff.md --exclude *.pyd
[2023-08-01 00:07:04] INFO root fetch - processPackages [FAIRSave]: executing diffoscope
[2023-08-01 00:07:04] INFO root fetch - processPackages [FAIRSave]: podman run --user 0:0 --rm -w /home/abi/fetcher -v /home/abi/fetcher/tmp:/home/abi/fetcher/tmp:ro -v /home/abi/fetcher/20230801:/home/abi/fetcher/20230801:rw registry.salsa.debian.org/reproducible-builds/diffoscope --no-progress tmp/FAIRSave-0.0.6.8-py3-none-any.whl.zip tmp/FAIRSave-0.0.6.9-py3-none-any.whl.zip --markdown 20230801/F/FAIRSave/0.0.6.8-0.0.6.9/diff.md --exclude *.pyd
[2023-08-01 00:07:05] INFO root fetch - processPackages [blin]: Remove: archive file [/home/abi/fetcher/tmp/blin-0.2.0.tar.gz]
[2023-08-01 00:07:05] INFO root fetch - processPackages [blin]: Remove: archive file [/home/abi/fetcher/tmp/blin-0.2.1.tar.gz]
[2023-08-01 00:07:05] INFO root fetch - processPackages [blin]: Start processing: blin
[2023-08-01 00:07:05] INFO root fetch - main [MainThread]: End processing [blin]: success
[2023-08-01 00:07:05] INFO root fetch - processPackages [blin]: Start processing: blin
[2023-08-01 00:07:05] INFO root fetch - main [MainThread]: End processing [blin]: success
[2023-08-01 00:07:05] INFO root fetch - processPackages [blin]: New version: [0.2.1] Old Version: [0.2.0]
[2023-08-01 00:07:05] INFO root fetch - processPackages [blin]: New version: [0.2.1] Old Version: [0.2.0]
[2023-08-01 00:07:05] INFO root fetch - processPackages [key-switcheroo]: Remove: archive file [/home/abi/fetcher/tmp/key_switcheroo-0.0.8.tar.gz]
[2023-08-01 00:07:05] INFO root fetch - processPackages [key-switcheroo]: Remove: archive file [/home/abi/fetcher/tmp/key_switcheroo-0.0.9.tar.gz]
[2023-08-01 00:07:05] INFO root fetch - processPackages [blin]: Start processing: blin
[2023-08-01 00:07:05] INFO root fetch - main [MainThread]: End processing [blin]: success
[2023-08-01 00:07:05] INFO root fetch - processPackages [key-switcheroo]: Start processing: monstera
[2023-08-01 00:07:05] INFO root fetch - main [MainThread]: End processing [key-switcheroo]: success
[2023-08-01 00:07:05] INFO root fetch - processPackages [blin]: Downloading https://files.pythonhosted.org/packages/b6/f0/dca0cd06b6c29b6218c3ed6b9da6969784ac4ef702de9ee17c83519b8f83/blin-0.2.0.tar.gz
[2023-08-01 00:07:05] INFO root fetch - processPackages [blin]: Start processing: Leye-classifer-v2
[2023-08-01 00:07:05] INFO root fetch - main [MainThread]: End processing [blin]: success
[2023-08-01 00:07:05] INFO root fetch - processPackages [monstera]: New version: [0.0.3] Old Version: [0.0.2]
[2023-08-01 00:07:05] INFO root fetch - processPackages [blin]: New version: [0.2.1] Old Version: [0.2.0]
[2023-08-01 00:07:05] INFO root fetch - processPackages [fpzip]: Remove: archive file [/home/abi/fetcher/tmp/fpzip-1.2.1.tar.gz]
[2023-08-01 00:07:05] INFO root fetch - processPackages [fpzip]: Remove: archive file [/home/abi/fetcher/tmp/fpzip-1.2.2-cp39-cp39-win_amd64.whl.zip]
[2023-08-01 00:07:05] INFO root fetch - processPackages [fpzip]: Start processing: pulumi-azure
[2023-08-01 00:07:05] INFO root fetch - main [MainThread]: End processing [fpzip]: success
[2023-08-01 00:07:05] INFO root fetch - processPackages [blin]: Downloading https://files.pythonhosted.org/packages/b6/f0/dca0cd06b6c29b6218c3ed6b9da6969784ac4ef702de9ee17c83519b8f83/blin-0.2.0.tar.gz
[2023-08-01 00:07:05] INFO root fetch - processPackages [cybrid-api-organization-python]: Remove: archive file [/home/abi/fetcher/tmp/cybrid-api-organization-python-0.9.8.tar.gz]
[2023-08-01 00:07:05] INFO root fetch - processPackages [cybrid-api-organization-python]: Remove: archive file [/home/abi/fetcher/tmp/cybrid-api-organization-python-0.9.9.tar.gz]
[2023-08-01 00:07:05] INFO root fetch - processPackages [cybrid-api-organization-python]: Start processing: trycortex
[2023-08-01 00:07:05] INFO root fetch - main [MainThread]: End processing [cybrid-api-organization-python]: success
[2023-08-01 00:07:05] WARNING root fetch - processPackages [Leye-classifer-v2]: Skipping, unable to determine old version
[2023-08-01 00:07:05] INFO root fetch - main [MainThread]: End processing [Leye-classifer-v2] error
[2023-08-01 00:07:06] INFO root fetch - processPackages [trycortex]: New version: [1.0.9] Old Version: [1.0.8]
[2023-08-01 00:07:06] INFO root fetch - processPackages [FAIRSave]: Remove: archive file [/home/abi/fetcher/tmp/FAIRSave-0.0.6.8-py3-none-any.whl.zip]
[2023-08-01 00:07:06] INFO root fetch - processPackages [FAIRSave]: Remove: archive file [/home/abi/fetcher/tmp/FAIRSave-0.0.6.9-py3-none-any.whl.zip]
[2023-08-01 00:07:06] INFO root fetch - main [MainThread]: End processing [FAIRSave]: success
[2023-08-01 00:07:06] INFO root fetch - processPackages [pulumi-azure]: New version: [5.9.0a1654522381] Old Version: [5.9.0a1654274095]
[2023-08-01 00:07:06] INFO root fetch - processPackages [cybrid-api-id-python]: Remove: archive file [/home/abi/fetcher/tmp/cybrid-api-id-python-0.9.8.tar.gz]
[2023-08-01 00:07:06] INFO root fetch - processPackages [cybrid-api-id-python]: Remove: archive file [/home/abi/fetcher/tmp/cybrid-api-id-python-0.9.9.tar.gz]
[2023-08-01 00:07:06] INFO root fetch - main [MainThread]: End processing [cybrid-api-id-python]: success
[2023-08-01 00:07:06] INFO root fetch - processPackages [blin]: Downloading https://files.pythonhosted.org/packages/35/3c/f75d5fdf3ae8e78bcb1ac9bc3da2fcfd0c24ad2c905b04d0288192628882/blin-0.2.1.tar.gz
[2023-08-01 00:07:06] INFO root fetch - processPackages [blin]: Downloading https://files.pythonhosted.org/packages/35/3c/f75d5fdf3ae8e78bcb1ac9bc3da2fcfd0c24ad2c905b04d0288192628882/blin-0.2.1.tar.gz
[2023-08-01 00:07:06] INFO root fetch - processPackages [trycortex]: Downloading https://files.pythonhosted.org/packages/b9/1e/abeaf73a139fb46ce3121d0cfa51a8bbe04a90cdf87bfed98aaa80183a54/trycortex-1.0.8.tar.gz
[2023-08-01 00:07:06] INFO root fetch - processPackages [blin]: Downloading https://files.pythonhosted.org/packages/35/3c/f75d5fdf3ae8e78bcb1ac9bc3da2fcfd0c24ad2c905b04d0288192628882/blin-0.2.1.tar.gz
[2023-08-01 00:07:06] INFO root fetch - processPackages [blin]: executing diffoscope
[2023-08-01 00:07:06] INFO root fetch - processPackages [blin]: podman run --user 0:0 --rm -w /home/abi/fetcher -v /home/abi/fetcher/tmp:/home/abi/fetcher/tmp:ro -v /home/abi/fetcher/20230801:/home/abi/fetcher/20230801:rw registry.salsa.debian.org/reproducible-builds/diffoscope --no-progress tmp/blin-0.2.0.tar.gz tmp/blin-0.2.1.tar.gz --markdown 20230801/b/blin/0.2.0-0.2.1/diff.md --exclude *.pyd
[2023-08-01 00:07:06] INFO root fetch - processPackages [blin]: executing diffoscope
[2023-08-01 00:07:06] INFO root fetch - processPackages [blin]: podman run --user 0:0 --rm -w /home/abi/fetcher -v /home/abi/fetcher/tmp:/home/abi/fetcher/tmp:ro -v /home/abi/fetcher/20230801:/home/abi/fetcher/20230801:rw registry.salsa.debian.org/reproducible-builds/diffoscope --no-progress tmp/blin-0.2.0.tar.gz tmp/blin-0.2.1.tar.gz --markdown 20230801/b/blin/0.2.0-0.2.1/diff.md --exclude *.pyd
[2023-08-01 00:07:06] INFO root fetch - processPackages [pulumi-azure]: Downloading https://files.pythonhosted.org/packages/95/6d/184badcdda1d8846e82c25063e340f60ddbf5b018a98c303e4bb5aa0a6ff/pulumi_azure-5.9.0a1654274095.tar.gz
[2023-08-01 00:07:06] INFO root fetch - processPackages [monstera]: Downloading https://files.pythonhosted.org/packages/76/70/5adae481bcd6ef9b092d198e049441ccc3e5f3fc9a3f687ffd621b937c6e/monstera-0.0.2.tar.gz
[2023-08-01 00:07:06] INFO root fetch - processPackages [blin]: executing diffoscope
[2023-08-01 00:07:06] INFO root fetch - processPackages [blin]: podman run --user 0:0 --rm -w /home/abi/fetcher -v /home/abi/fetcher/tmp:/home/abi/fetcher/tmp:ro -v /home/abi/fetcher/20230801:/home/abi/fetcher/20230801:rw registry.salsa.debian.org/reproducible-builds/diffoscope --no-progress tmp/blin-0.2.0.tar.gz tmp/blin-0.2.1.tar.gz --markdown 20230801/b/blin/0.2.0-0.2.1/diff.md --exclude *.pyd
[2023-08-01 00:07:06] INFO root fetch - processPackages [trycortex]: Downloading https://files.pythonhosted.org/packages/63/8f/b109654725198f55aedea61175748721c427c69efb6403331a3ab2e53ac7/trycortex-1.0.9.tar.gz
[2023-08-01 00:07:06] INFO root fetch - processPackages [trycortex]: executing diffoscope
[2023-08-01 00:07:06] INFO root fetch - processPackages [trycortex]: podman run --user 0:0 --rm -w /home/abi/fetcher -v /home/abi/fetcher/tmp:/home/abi/fetcher/tmp:ro -v /home/abi/fetcher/20230801:/home/abi/fetcher/20230801:rw registry.salsa.debian.org/reproducible-builds/diffoscope --no-progress tmp/trycortex-1.0.8.tar.gz tmp/trycortex-1.0.9.tar.gz --markdown 20230801/t/trycortex/1.0.8-1.0.9/diff.md --exclude *.pyd
[2023-08-01 00:07:06] INFO root fetch - processPackages [monstera]: Downloading https://files.pythonhosted.org/packages/b2/5b/8176f8b92ec88b65ead960fe7d63541db856b3a65462524bb01476611638/monstera-0.0.3.tar.gz
[2023-08-01 00:07:06] INFO root fetch - processPackages [monstera]: executing diffoscope
[2023-08-01 00:07:06] INFO root fetch - processPackages [monstera]: podman run --user 0:0 --rm -w /home/abi/fetcher -v /home/abi/fetcher/tmp:/home/abi/fetcher/tmp:ro -v /home/abi/fetcher/20230801:/home/abi/fetcher/20230801:rw registry.salsa.debian.org/reproducible-builds/diffoscope --no-progress tmp/monstera-0.0.2.tar.gz tmp/monstera-0.0.3.tar.gz --markdown 20230801/m/monstera/0.0.2-0.0.3/diff.md --exclude *.pyd
[2023-08-01 00:07:07] INFO root fetch - processPackages [cybrid-api-bank-python]: Remove: archive file [/home/abi/fetcher/tmp/cybrid-api-bank-python-0.9.8.tar.gz]
[2023-08-01 00:07:07] INFO root fetch - processPackages [cybrid-api-bank-python]: Remove: archive file [/home/abi/fetcher/tmp/cybrid-api-bank-python-0.9.9.tar.gz]
[2023-08-01 00:07:07] INFO root fetch - main [MainThread]: End processing [cybrid-api-bank-python]: success
[2023-08-01 00:07:07] INFO root fetch - processPackages [blin]: Remove: archive file [/home/abi/fetcher/tmp/blin-0.2.0.tar.gz]
[2023-08-01 00:07:07] INFO root fetch - processPackages [blin]: Remove: archive file [/home/abi/fetcher/tmp/blin-0.2.1.tar.gz]
[2023-08-01 00:07:07] INFO root fetch - main [MainThread]: End processing [blin]: success
[2023-08-01 00:07:07] INFO root fetch - main [MainThread]: End processing [blin]: success
[2023-08-01 00:07:07] INFO root fetch - main [MainThread]: End processing [blin]: success
[2023-08-01 00:07:07] INFO root fetch - processPackages [trycortex]: Remove: archive file [/home/abi/fetcher/tmp/trycortex-1.0.8.tar.gz]
[2023-08-01 00:07:07] INFO root fetch - processPackages [trycortex]: Remove: archive file [/home/abi/fetcher/tmp/trycortex-1.0.9.tar.gz]
[2023-08-01 00:07:07] INFO root fetch - main [MainThread]: End processing [trycortex]: success
[2023-08-01 00:07:07] INFO root fetch - processPackages [monstera]: Remove: archive file [/home/abi/fetcher/tmp/monstera-0.0.2.tar.gz]
[2023-08-01 00:07:07] INFO root fetch - processPackages [monstera]: Remove: archive file [/home/abi/fetcher/tmp/monstera-0.0.3.tar.gz]
[2023-08-01 00:07:07] INFO root fetch - main [MainThread]: End processing [monstera]: success
[2023-08-01 00:07:07] INFO root fetch - processPackages [pulumi-azure]: Downloading https://files.pythonhosted.org/packages/19/1b/87a51c6988d790ed8bfb430670a85c499af09d14d21430448a37baa7fb64/pulumi_azure-5.9.0a1654522381.tar.gz
[2023-08-01 00:07:09] INFO root fetch - processPackages [pulumi-azure]: executing diffoscope
[2023-08-01 00:07:09] INFO root fetch - processPackages [pulumi-azure]: podman run --user 0:0 --rm -w /home/abi/fetcher -v /home/abi/fetcher/tmp:/home/abi/fetcher/tmp:ro -v /home/abi/fetcher/20230801:/home/abi/fetcher/20230801:rw registry.salsa.debian.org/reproducible-builds/diffoscope --no-progress tmp/pulumi_azure-5.9.0a1654274095.tar.gz tmp/pulumi_azure-5.9.0a1654522381.tar.gz --markdown 20230801/p/pulumi-azure/5.9.0a1654274095-5.9.0a1654522381/diff.md --exclude *.pyd
[2023-08-01 00:07:22] INFO root fetch - processPackages [pulumi-azure]: Remove: archive file [/home/abi/fetcher/tmp/pulumi_azure-5.9.0a1654274095.tar.gz]
[2023-08-01 00:07:22] INFO root fetch - processPackages [pulumi-azure]: Remove: archive file [/home/abi/fetcher/tmp/pulumi_azure-5.9.0a1654522381.tar.gz]
[2023-08-01 00:07:22] INFO root fetch - main [MainThread]: End processing [pulumi-azure]: success
[2023-08-01 00:07:22] INFO root fetch - main [MainThread]: Store serial: [19113807]
[2023-08-01 00:12:27] INFO root fetch - main [MainThread]: Get Changelog since Serial: [19113807]
[2023-08-01 00:12:31] INFO root fetch - main [MainThread]: Found 8 changed packages
[2023-08-01 00:12:31] INFO root fetch - processPackages [ThreadPoolExecutor-0_0]: Start processing: cjm-yolox-pytorch
[2023-08-01 00:12:31] INFO root fetch - processPackages [ThreadPoolExecutor-0_1]: Start processing: scrunch
[2023-08-01 00:12:31] INFO root fetch - processPackages [ThreadPoolExecutor-0_2]: Start processing: trycortex
[2023-08-01 00:12:31] INFO root fetch - processPackages [ThreadPoolExecutor-0_3]: Start processing: dbt-datadict
[2023-08-01 00:12:31] INFO root fetch - processPackages [ThreadPoolExecutor-0_4]: Start processing: pytomography
[2023-08-01 00:12:31] INFO root fetch - processPackages [ThreadPoolExecutor-0_5]: Start processing: evenity
[2023-08-01 00:12:31] INFO root fetch - processPackages [ThreadPoolExecutor-0_6]: Start processing: anghamak
[2023-08-01 00:12:31] INFO root fetch - processPackages [ThreadPoolExecutor-0_7]: Start processing: jedi-language-server
[2023-08-01 00:12:32] INFO root fetch - processPackages [trycortex]: New version: [1.0.9] Old Version: [1.0.8]
[2023-08-01 00:12:32] INFO root fetch - processPackages [dbt-datadict]: New version: [0.0.2] Old Version: [0.0.1]
[2023-08-01 00:12:32] INFO root fetch - processPackages [jedi-language-server]: New version: [0.9.0] Old Version: [0.8.0]
[2023-08-01 00:12:32] INFO root fetch - processPackages [evenity]: New version: [0.0.9] Old Version: [0.0.8]
[2023-08-01 00:12:32] WARNING root fetch - processPackages [anghamak]: Skipping, unable to determine old version
[2023-08-01 00:12:32] INFO root fetch - processPackages [pytomography]: New version: [0.9.1] Old Version: [0.9.0]
[2023-08-01 00:12:32] INFO root fetch - main [MainThread]: End processing [anghamak] error
[2023-08-01 00:12:32] INFO root fetch - processPackages [cjm-yolox-pytorch]: New version: [0.0.99] Old Version: [0.0.98]
[2023-08-01 00:12:32] INFO root fetch - processPackages [scrunch]: New version: [6.5.2023.post1690841237] Old Version: [6.5.2022.post1690835679]
[2023-08-01 00:12:32] INFO root fetch - processPackages [trycortex]: Downloading https://files.pythonhosted.org/packages/b9/1e/abeaf73a139fb46ce3121d0cfa51a8bbe04a90cdf87bfed98aaa80183a54/trycortex-1.0.8.tar.gz
[2023-08-01 00:12:32] INFO root fetch - processPackages [evenity]: Downloading https://files.pythonhosted.org/packages/69/c5/37d13269a03c36358c2eab7dd948cb56f0d105697e557edeb82c0efd07e8/evenity-0.0.8.tar.gz
[2023-08-01 00:12:32] INFO root fetch - processPackages [cjm-yolox-pytorch]: Downloading https://files.pythonhosted.org/packages/c2/bc/1e51fa8009ac3b9bd8b49a4a63b9db3584cf5f4025074c91590c5e33e061/cjm-yolox-pytorch-0.0.98.tar.gz
[2023-08-01 00:12:32] INFO root fetch - processPackages [scrunch]: Downloading https://files.pythonhosted.org/packages/9a/d1/807d51fb3b5c43c6fef522c7940950b483c6cee5cd32520c5db28aa00cc6/scrunch-6.5.2022.post1690835679.tar.gz
[2023-08-01 00:12:32] INFO root fetch - processPackages [pytomography]: Downloading https://files.pythonhosted.org/packages/82/df/c7d9b4cec6eabe114522cfeef5379d81068bd1cc4351053224aa1576616b/pytomography-0.9.0.tar.gz
[2023-08-01 00:12:32] INFO root fetch - processPackages [jedi-language-server]: Downloading https://files.pythonhosted.org/packages/51/75/72dee0bfa3c1551e1642b6a7108da64e1f521da6dd79d15eb6b35b832e3a/jedi-language-server-0.8.0.tar.gz
[2023-08-01 00:12:32] WARNING root fetch - processPackages [pytomography]: Skipping package: exceeds size limit 25015365>=10485760
[2023-08-01 00:12:32] INFO root fetch - main [MainThread]: End processing [pytomography] error
[2023-08-01 00:12:32] INFO root fetch - processPackages [trycortex]: Downloading https://files.pythonhosted.org/packages/63/8f/b109654725198f55aedea61175748721c427c69efb6403331a3ab2e53ac7/trycortex-1.0.9.tar.gz
[2023-08-01 00:12:32] INFO root fetch - processPackages [cjm-yolox-pytorch]: Downloading https://files.pythonhosted.org/packages/48/c0/c61aa048df93a11ff930d1680535fee96bb684ff0e7e76a755726ebcf9e1/cjm-yolox-pytorch-0.0.99.tar.gz
[2023-08-01 00:12:32] INFO root fetch - processPackages [dbt-datadict]: Downloading https://files.pythonhosted.org/packages/48/8a/fbcc011a69f0cf697482258b1392f661f18e52b964d0af8405dda6a0ef76/dbt-datadict-0.0.1.tar.gz
[2023-08-01 00:12:32] INFO root fetch - processPackages [evenity]: Downloading https://files.pythonhosted.org/packages/f1/77/24eec55007f594e825a45919c8790f9eca4f112f2c69cdff581342728312/evenity-0.0.9.tar.gz
[2023-08-01 00:12:32] INFO root fetch - processPackages [trycortex]: executing diffoscope
[2023-08-01 00:12:32] INFO root fetch - processPackages [trycortex]: podman run --user 0:0 --rm -w /home/abi/fetcher -v /home/abi/fetcher/tmp:/home/abi/fetcher/tmp:ro -v /home/abi/fetcher/20230801:/home/abi/fetcher/20230801:rw registry.salsa.debian.org/reproducible-builds/diffoscope --no-progress tmp/trycortex-1.0.8.tar.gz tmp/trycortex-1.0.9.tar.gz --markdown 20230801/t/trycortex/1.0.8-1.0.9/diff.md --exclude *.pyd
[2023-08-01 00:12:32] INFO root fetch - processPackages [cjm-yolox-pytorch]: executing diffoscope
[2023-08-01 00:12:32] INFO root fetch - processPackages [cjm-yolox-pytorch]: podman run --user 0:0 --rm -w /home/abi/fetcher -v /home/abi/fetcher/tmp:/home/abi/fetcher/tmp:ro -v /home/abi/fetcher/20230801:/home/abi/fetcher/20230801:rw registry.salsa.debian.org/reproducible-builds/diffoscope --no-progress tmp/cjm-yolox-pytorch-0.0.98.tar.gz tmp/cjm-yolox-pytorch-0.0.99.tar.gz --markdown 20230801/c/cjm-yolox-pytorch/0.0.98-0.0.99/diff.md --exclude *.pyd
[2023-08-01 00:12:32] INFO root fetch - processPackages [evenity]: executing diffoscope
[2023-08-01 00:12:32] INFO root fetch - processPackages [evenity]: podman run --user 0:0 --rm -w /home/abi/fetcher -v /home/abi/fetcher/tmp:/home/abi/fetcher/tmp:ro -v /home/abi/fetcher/20230801:/home/abi/fetcher/20230801:rw registry.salsa.debian.org/reproducible-builds/diffoscope --no-progress tmp/evenity-0.0.8.tar.gz tmp/evenity-0.0.9.tar.gz --markdown 20230801/e/evenity/0.0.8-0.0.9/diff.md --exclude *.pyd
[2023-08-01 00:12:33] INFO root fetch - processPackages [dbt-datadict]: Downloading https://files.pythonhosted.org/packages/07/a0/3f53a750f9c582d5cde589238d0b6e0ad63aadb0a6b8a21318a3fc9eb9a8/dbt-datadict-0.0.2.tar.gz
[2023-08-01 00:12:33] INFO root fetch - processPackages [scrunch]: Downloading https://files.pythonhosted.org/packages/f1/46/a0c1b49790e18853a51573a5c88f3c6153c3c8a3e9fb0b58f5b23b772b3a/scrunch-6.5.2023.post1690841237.tar.gz
[2023-08-01 00:12:33] INFO root fetch - processPackages [dbt-datadict]: executing diffoscope
[2023-08-01 00:12:33] INFO root fetch - processPackages [dbt-datadict]: podman run --user 0:0 --rm -w /home/abi/fetcher -v /home/abi/fetcher/tmp:/home/abi/fetcher/tmp:ro -v /home/abi/fetcher/20230801:/home/abi/fetcher/20230801:rw registry.salsa.debian.org/reproducible-builds/diffoscope --no-progress tmp/dbt-datadict-0.0.1.tar.gz tmp/dbt-datadict-0.0.2.tar.gz --markdown 20230801/d/dbt-datadict/0.0.1-0.0.2/diff.md --exclude *.pyd
[2023-08-01 00:12:33] INFO root fetch - processPackages [jedi-language-server]: Downloading https://files.pythonhosted.org/packages/d0/c3/d7732af5148e15b9f96dc6fab204de20dbd34f28b9fe97f9209654dcafba/jedi-language-server-0.9.0.tar.gz
[2023-08-01 00:12:33] INFO root fetch - processPackages [scrunch]: executing diffoscope
[2023-08-01 00:12:33] INFO root fetch - processPackages [scrunch]: podman run --user 0:0 --rm -w /home/abi/fetcher -v /home/abi/fetcher/tmp:/home/abi/fetcher/tmp:ro -v /home/abi/fetcher/20230801:/home/abi/fetcher/20230801:rw registry.salsa.debian.org/reproducible-builds/diffoscope --no-progress tmp/scrunch-6.5.2022.post1690835679.tar.gz tmp/scrunch-6.5.2023.post1690841237.tar.gz --markdown 20230801/s/scrunch/6.5.2022.post1690835679-6.5.2023.post1690841237/diff.md --exclude *.pyd
[2023-08-01 00:12:33] INFO root fetch - processPackages [jedi-language-server]: executing diffoscope
[2023-08-01 00:12:33] INFO root fetch - processPackages [jedi-language-server]: podman run --user 0:0 --rm -w /home/abi/fetcher -v /home/abi/fetcher/tmp:/home/abi/fetcher/tmp:ro -v /home/abi/fetcher/20230801:/home/abi/fetcher/20230801:rw registry.salsa.debian.org/reproducible-builds/diffoscope --no-progress tmp/jedi-language-server-0.8.0.tar.gz tmp/jedi-language-server-0.9.0.tar.gz --markdown 20230801/j/jedi-language-server/0.8.0-0.9.0/diff.md --exclude *.pyd
[2023-08-01 00:12:33] INFO root fetch - processPackages [trycortex]: Remove: archive file [/home/abi/fetcher/tmp/trycortex-1.0.8.tar.gz]
[2023-08-01 00:12:33] INFO root fetch - processPackages [trycortex]: Remove: archive file [/home/abi/fetcher/tmp/trycortex-1.0.9.tar.gz]
[2023-08-01 00:12:33] INFO root fetch - main [MainThread]: End processing [trycortex]: success
[2023-08-01 00:12:33] INFO root fetch - processPackages [cjm-yolox-pytorch]: Remove: archive file [/home/abi/fetcher/tmp/cjm-yolox-pytorch-0.0.98.tar.gz]
[2023-08-01 00:12:33] INFO root fetch - processPackages [cjm-yolox-pytorch]: Remove: archive file [/home/abi/fetcher/tmp/cjm-yolox-pytorch-0.0.99.tar.gz]
[2023-08-01 00:12:33] INFO root fetch - main [MainThread]: End processing [cjm-yolox-pytorch]: success
[2023-08-01 00:12:33] INFO root fetch - processPackages [evenity]: Remove: archive file [/home/abi/fetcher/tmp/evenity-0.0.8.tar.gz]
[2023-08-01 00:12:33] INFO root fetch - processPackages [evenity]: Remove: archive file [/home/abi/fetcher/tmp/evenity-0.0.9.tar.gz]
[2023-08-01 00:12:33] INFO root fetch - main [MainThread]: End processing [evenity]: success
[2023-08-01 00:12:34] INFO root fetch - processPackages [dbt-datadict]: Remove: archive file [/home/abi/fetcher/tmp/dbt-datadict-0.0.1.tar.gz]
[2023-08-01 00:12:34] INFO root fetch - processPackages [dbt-datadict]: Remove: archive file [/home/abi/fetcher/tmp/dbt-datadict-0.0.2.tar.gz]
[2023-08-01 00:12:34] INFO root fetch - main [MainThread]: End processing [dbt-datadict]: success
[2023-08-01 00:12:34] INFO root fetch - processPackages [jedi-language-server]: Remove: archive file [/home/abi/fetcher/tmp/jedi-language-server-0.8.0.tar.gz]
[2023-08-01 00:12:34] INFO root fetch - processPackages [jedi-language-server]: Remove: archive file [/home/abi/fetcher/tmp/jedi-language-server-0.9.0.tar.gz]
[2023-08-01 00:12:34] INFO root fetch - main [MainThread]: End processing [jedi-language-server]: success
[2023-08-01 00:12:34] INFO root fetch - processPackages [scrunch]: Remove: archive file [/home/abi/fetcher/tmp/scrunch-6.5.2022.post1690835679.tar.gz]
[2023-08-01 00:12:34] INFO root fetch - processPackages [scrunch]: Remove: archive file [/home/abi/fetcher/tmp/scrunch-6.5.2023.post1690841237.tar.gz]
[2023-08-01 00:12:34] INFO root fetch - main [MainThread]: End processing [scrunch]: success
[2023-08-01 00:12:34] INFO root fetch - main [MainThread]: Store serial: [19113834]
